[2017-06-14 11:52:23] my_logger.INFO: Ticket list [] []
[2017-06-14 11:52:47] my_logger.INFO: Ticket list [] []
[2017-06-14 11:52:50] my_logger.INFO: Ticket list [] []
[2017-06-14 11:53:42] my_logger.INFO: Ticket list [] []
[2017-06-14 11:53:46] my_logger.INFO: Ticket list [] []
[2017-06-14 11:55:15] my_logger.INFO: Ticket list [] []
[2017-06-14 11:56:33] my_logger.INFO: Ticket list [] []
[2017-06-14 11:56:37] my_logger.INFO: Ticket list [] []
[2017-06-14 11:57:04] my_logger.INFO: Ticket list [] []
[2017-06-14 11:57:09] my_logger.INFO: Ticket list [] []
[2017-06-14 11:57:25] my_logger.INFO: Ticket list [] []
[2017-06-14 11:57:28] my_logger.INFO: Ticket list [] []
[2017-06-14 11:57:37] my_logger.INFO: Ticket list [] []
[2017-06-14 11:58:07] my_logger.INFO: Ticket list [] []
[2017-06-14 11:58:11] my_logger.INFO: Ticket list [] []
[2017-06-14 11:58:22] my_logger.INFO: Ticket list [] []
[2017-06-14 11:58:37] my_logger.INFO: Ticket list [] []
[2017-06-14 11:59:20] my_logger.INFO: Ticket list [] []
[2017-06-14 11:59:31] my_logger.INFO: Ticket list [] []
[2017-06-14 11:59:36] my_logger.INFO: Ticket list [] []
[2017-06-14 12:00:04] my_logger.INFO: Ticket list [] []
[2017-06-14 12:00:42] my_logger.INFO: Ticket list [] []
[2017-06-14 12:03:11] my_logger.INFO: Ticket list [] []
[2017-06-14 12:03:16] my_logger.INFO: Ticket list [] []
[2017-06-14 12:03:45] my_logger.INFO: Ticket list [] []
[2017-06-14 12:04:37] my_logger.INFO: Ticket list [] []
[2017-06-14 12:04:46] my_logger.INFO: Ticket list [] []
[2017-06-14 12:04:53] my_logger.INFO: Ticket list [] []
[2017-06-14 12:05:22] my_logger.INFO: Ticket list [] []
[2017-06-14 12:12:53] my_logger.INFO: Ticket list [] []
[2017-06-14 12:31:20] my_logger.INFO: Ticket list [] []
[2017-06-14 12:31:32] my_logger.INFO: Ticket list [] []
[2017-06-14 12:33:15] my_logger.INFO: Service list [] []
[2017-06-14 12:34:50] my_logger.INFO: City list [] []
[2017-06-14 14:40:11] my_logger.INFO: Area list [] []
[2017-06-14 14:41:37] my_logger.INFO: Area list [] []
[2017-06-14 14:41:46] my_logger.INFO: Area list [] []
[2017-06-14 14:42:14] my_logger.INFO: Area list [] []
[2017-06-14 14:42:45] my_logger.INFO: Service list [] []
[2017-06-14 14:48:31] my_logger.INFO: Mobile numbers list [] []
[2017-06-14 14:50:15] my_logger.INFO: Mobile numbers list [] []
[2017-06-14 14:53:02] my_logger.INFO: Mobile numbers list [] []
[2017-06-14 14:53:11] my_logger.INFO: Service list [] []
[2017-06-14 14:53:25] my_logger.INFO: Service list [] []
[2017-06-14 14:54:20] my_logger.INFO: Area list [] []
[2017-06-14 14:54:27] my_logger.INFO: City list [] []
[2017-06-14 14:54:47] my_logger.INFO: Service list [] []
